<?xml version="1.0" encoding="UTF-8"?>
<testng-results ignored="0" total="1" passed="1" failed="0" skipped="0">
  <reporter-output>
  </reporter-output>
  <suite started-at="2021-01-14T22:26:22 PST" name="Default suite" finished-at="2021-01-14T22:26:44 PST" duration-ms="22115">
    <groups>
    </groups>
    <test started-at="2021-01-14T22:26:22 PST" name="Default test" finished-at="2021-01-14T22:26:44 PST" duration-ms="22115">
      <class name="testCase.SpiritTest">
        <test-method signature="mPage()[pri:0, instance:testCase.SpiritTest@c03cf28]" started-at="2021-01-14T22:26:22 PST" name="mPage" finished-at="2021-01-14T22:26:44 PST" duration-ms="22049" status="PASS">
          <reporter-output>
          </reporter-output>
        </test-method> <!-- mPage -->
      </class> <!-- testCase.SpiritTest -->
    </test> <!-- Default test -->
  </suite> <!-- Default suite -->
</testng-results>
